<?xml version="1.0" encoding="UTF-8"?>
<!-- Generated by org.testng.reporters.JUnitXMLReporter -->
<testsuite hostname="ip-172-31-87-222" ignored="2" name="Test" tests="3" failures="0" timestamp="2021-12-21T07:22:55 UTC" time="5.415" errors="0">
  <testcase name="signupTest" time="0.892" classname="tests.SignUpPageTest"/>
  <testcase name="LoginTest" time="0.438" classname="tests.LoginPageTest"/>
  <testcase name="afterLogin" time="1.102" classname="tests.AfterLoginTest"/>
  <testcase name="@BeforeTest ReportSetup" time="0.0" classname="tests.BaseClass">
    <ignored/>
  </testcase> <!-- @BeforeTest ReportSetup -->
  <testcase name="@BeforeTest ReportSetup" time="0.0" classname="tests.BaseClass">
    <ignored/>
  </testcase> <!-- @BeforeTest ReportSetup -->
</testsuite> <!-- Test -->
