<?xml version="1.0" encoding="UTF-8"?>
<testng-results skipped="0" failed="0" ignored="2" total="5" passed="3">
  <reporter-output>
  </reporter-output>
  <suite name="Suite" duration-ms="5415" started-at="2021-12-21T07:22:50 UTC" finished-at="2021-12-21T07:22:55 UTC">
    <groups>
    </groups>
    <test name="Test" duration-ms="5415" started-at="2021-12-21T07:22:50 UTC" finished-at="2021-12-21T07:22:55 UTC">
      <class name="tests.AfterLoginTest">
        <test-method status="PASS" signature="setup()[pri:0, instance:tests.AfterLoginTest@612fc6eb]" name="setup" is-config="true" duration-ms="798" started-at="2021-12-21T07:22:53 UTC" finished-at="2021-12-21T07:22:54 UTC">
          <reporter-output>
          </reporter-output>
        </test-method> <!-- setup -->
        <test-method status="PASS" signature="afterLogin(java.lang.String,java.lang.String)[pri:0, instance:tests.AfterLoginTest@612fc6eb]" name="afterLogin" duration-ms="1102" started-at="2021-12-21T07:22:54 UTC" finished-at="2021-12-21T07:22:55 UTC">
          <params>
            <param index="0">
              <value>
                <![CDATA[satyasaladi949@gmail.com]]>
              </value>
            </param>
            <param index="1">
              <value>
                <![CDATA[12345]]>
              </value>
            </param>
          </params>
          <reporter-output>
          </reporter-output>
        </test-method> <!-- afterLogin -->
        <test-method status="PASS" signature="teardown()[pri:0, instance:tests.AfterLoginTest@612fc6eb]" name="teardown" is-config="true" duration-ms="69" started-at="2021-12-21T07:22:55 UTC" finished-at="2021-12-21T07:22:55 UTC">
          <reporter-output>
          </reporter-output>
        </test-method> <!-- teardown -->
      </class> <!-- tests.AfterLoginTest -->
      <class name="tests.SignUpPageTest">
        <test-method status="PASS" signature="ReportSetup()[pri:0, instance:tests.SignUpPageTest@3aeaafa6]" name="ReportSetup" is-config="true" duration-ms="104" started-at="2021-12-21T07:22:50 UTC" finished-at="2021-12-21T07:22:50 UTC">
          <reporter-output>
          </reporter-output>
        </test-method> <!-- ReportSetup -->
        <test-method status="PASS" signature="setup()[pri:0, instance:tests.SignUpPageTest@3aeaafa6]" name="setup" is-config="true" duration-ms="1044" started-at="2021-12-21T07:22:50 UTC" finished-at="2021-12-21T07:22:51 UTC">
          <reporter-output>
          </reporter-output>
        </test-method> <!-- setup -->
        <test-method status="PASS" signature="signupTest(java.lang.String,java.lang.String,java.lang.String,java.lang.String,java.lang.String,java.lang.String)[pri:0, instance:tests.SignUpPageTest@3aeaafa6]" name="signupTest" duration-ms="892" started-at="2021-12-21T07:22:51 UTC" finished-at="2021-12-21T07:22:52 UTC">
          <params>
            <param index="0">
              <value>
                <![CDATA[satyasaladi949@gmail.com]]>
              </value>
            </param>
            <param index="1">
              <value>
                <![CDATA[12345]]>
              </value>
            </param>
            <param index="2">
              <value>
                <![CDATA[Satya]]>
              </value>
            </param>
            <param index="3">
              <value>
                <![CDATA[Saladi]]>
              </value>
            </param>
            <param index="4">
              <value>
                <![CDATA[22]]>
              </value>
            </param>
            <param index="5">
              <value>
                <![CDATA[AP]]>
              </value>
            </param>
          </params>
          <reporter-output>
          </reporter-output>
        </test-method> <!-- signupTest -->
        <test-method status="PASS" signature="teardown()[pri:0, instance:tests.SignUpPageTest@3aeaafa6]" name="teardown" is-config="true" duration-ms="72" started-at="2021-12-21T07:22:52 UTC" finished-at="2021-12-21T07:22:52 UTC">
          <reporter-output>
          </reporter-output>
        </test-method> <!-- teardown -->
      </class> <!-- tests.SignUpPageTest -->
      <class name="tests.LoginPageTest">
        <test-method status="PASS" signature="setup()[pri:0, instance:tests.LoginPageTest@eafc191]" name="setup" is-config="true" duration-ms="795" started-at="2021-12-21T07:22:52 UTC" finished-at="2021-12-21T07:22:53 UTC">
          <reporter-output>
          </reporter-output>
        </test-method> <!-- setup -->
        <test-method status="PASS" signature="LoginTest(java.lang.String,java.lang.String)[pri:0, instance:tests.LoginPageTest@eafc191]" name="LoginTest" duration-ms="438" started-at="2021-12-21T07:22:53 UTC" finished-at="2021-12-21T07:22:53 UTC">
          <params>
            <param index="0">
              <value>
                <![CDATA[satyasaladi949@gmail.com]]>
              </value>
            </param>
            <param index="1">
              <value>
                <![CDATA[12345]]>
              </value>
            </param>
          </params>
          <reporter-output>
          </reporter-output>
        </test-method> <!-- LoginTest -->
        <test-method status="PASS" signature="teardown()[pri:0, instance:tests.LoginPageTest@eafc191]" name="teardown" is-config="true" duration-ms="69" started-at="2021-12-21T07:22:53 UTC" finished-at="2021-12-21T07:22:53 UTC">
          <reporter-output>
          </reporter-output>
        </test-method> <!-- teardown -->
      </class> <!-- tests.LoginPageTest -->
    </test> <!-- Test -->
  </suite> <!-- Suite -->
</testng-results>
